RUN	computerdatabase.ComputerDatabaseSimulation	computerdatabasesimulation	1678703531573	test	3.8.4
USER	Users	START	1678703533869
USER	Admins	START	1678703533869
USER	Users	START	1678703534839
REQUEST		Home	1678703533865	1678703534838	OK	 
REQUEST		Home	1678703533865	1678703534898	OK	 
REQUEST		Home Redirect 1	1678703534841	1678703535102	OK	 
REQUEST		Home Redirect 1	1678703534898	1678703535166	OK	 
REQUEST		Home	1678703534838	1678703535787	OK	 
USER	Users	START	1678703535841
REQUEST		Home Redirect 1	1678703535788	1678703536034	OK	 
REQUEST		Search	1678703536122	1678703536374	OK	 
REQUEST		Search	1678703536169	1678703536431	OK	 
REQUEST		Home	1678703535840	1678703536836	OK	 
USER	Users	START	1678703536838
REQUEST		Home Redirect 1	1678703536837	1678703537094	OK	 
REQUEST		Search	1678703537037	1678703537285	OK	 
REQUEST		Select	1678703537434	1678703537685	OK	 
REQUEST		Select	1678703537435	1678703537701	OK	 
USER	Users	START	1678703537840
REQUEST		Home	1678703536836	1678703537871	OK	 
REQUEST		Home Redirect 1	1678703537871	1678703538140	OK	 
REQUEST		Search	1678703538098	1678703538358	OK	 
REQUEST		Select	1678703538292	1678703538532	OK	 
REQUEST		Home	1678703537836	1678703538800	OK	 
USER	Admins	START	1678703538836
USER	Users	START	1678703538836
REQUEST		Page 0	1678703538703	1678703538947	OK	 
REQUEST		Page 0	1678703538705	1678703538961	OK	 
REQUEST		Home Redirect 1	1678703538801	1678703539048	OK	 
REQUEST		Search	1678703539142	1678703539404	OK	 
REQUEST		Select	1678703539363	1678703539615	OK	 
REQUEST		Page 0	1678703539535	1678703539778	OK	 
REQUEST		Home	1678703538834	1678703539789	OK	 
REQUEST		Home	1678703538835	1678703539811	OK	 
USER	Users	START	1678703539835
REQUEST		Home Redirect 1	1678703539790	1678703540031	OK	 
REQUEST		Home Redirect 1	1678703539811	1678703540055	OK	 
REQUEST		Page 1	1678703539954	1678703540194	OK	 
REQUEST		Page 1	1678703539965	1678703540222	OK	 
REQUEST		Search	1678703540051	1678703540293	OK	 
REQUEST		Select	1678703540407	1678703540666	OK	 
USER	Users	START	1678703540838
REQUEST		Home	1678703539835	1678703540844	OK	 
REQUEST		Page 0	1678703540618	1678703540867	OK	 
REQUEST		Page 1	1678703540782	1678703541019	OK	 
REQUEST		Home Redirect 1	1678703540845	1678703541101	OK	 
REQUEST		Search	1678703541035	1678703541279	OK	 
REQUEST		Search	1678703541057	1678703541310	OK	 
REQUEST		Page 2	1678703541199	1678703541441	OK	 
REQUEST		Page 2	1678703541224	1678703541481	OK	 
REQUEST		Select	1678703541298	1678703541536	OK	 
REQUEST		Home	1678703540836	1678703541825	OK	 
USER	Users	START	1678703541835
REQUEST		Page 0	1678703541670	1678703541924	OK	 
REQUEST		Home Redirect 1	1678703541826	1678703542089	OK	 
REQUEST		Page 1	1678703541870	1678703542117	OK	 
REQUEST		Page 2	1678703542022	1678703542267	OK	 
REQUEST		Search	1678703542105	1678703542360	OK	 
REQUEST		Select	1678703542285	1678703542524	OK	 
REQUEST		Select	1678703542315	1678703542568	OK	 
REQUEST		Page 3	1678703542445	1678703542686	OK	 
REQUEST		Page 3	1678703542483	1678703542737	OK	 
REQUEST		Page 0	1678703542538	1678703542777	OK	 
REQUEST		Home	1678703541834	1678703542808	OK	 
USER	Users	START	1678703542837
REQUEST		Home Redirect 1	1678703542809	1678703543061	OK	 
REQUEST		Page 1	1678703542927	1678703543183	OK	 
REQUEST		Search	1678703543092	1678703543339	OK	 
REQUEST		Page 2	1678703543119	1678703543365	OK	 
REQUEST		Page 3	1678703543270	1678703543507	OK	 
REQUEST		Select	1678703543366	1678703543619	OK	 
USER	Users	END	1678703543694
REQUEST		Page 0	1678703543526	1678703543766	OK	 
REQUEST		Home	1678703542835	1678703543781	OK	 
REQUEST		Page 0	1678703543571	1678703543814	OK	 
REQUEST		Form	1678703543741	1678703543998	OK	 
REQUEST		Page 1	1678703543780	1678703544029	OK	 
REQUEST		Home Redirect 1	1678703543782	1678703544029	OK	 
REQUEST		Search	1678703544063	1678703544301	OK	 
REQUEST		Page 2	1678703544187	1678703544443	OK	 
USER	Users	END	1678703544512
REQUEST		Select	1678703544345	1678703544597	OK	 
REQUEST		Page 3	1678703544369	1678703544619	OK	 
REQUEST		Page 0	1678703544623	1678703544879	OK	 
REQUEST		Page 1	1678703544770	1678703545010	OK	 
REQUEST		Page 1	1678703544818	1678703545062	OK	 
REQUEST		Page 2	1678703545031	1678703545270	OK	 
REQUEST		Search	1678703545031	1678703545268	OK	 
REQUEST		Post	1678703545012	1678703545270	OK	 
REQUEST		Select	1678703545309	1678703545547	OK	 
REQUEST		Post Redirect 1	1678703545290	1678703545547	KO	status.find.is(201), but actually found 200
USER	Users	END	1678703545624
REQUEST		Page 3	1678703545447	1678703545707	OK	 
REQUEST		Form	1678703545558	1678703545815	OK	 
REQUEST		Page 0	1678703545601	1678703545852	OK	 
REQUEST		Page 1	1678703545883	1678703546139	OK	 
REQUEST		Page 2	1678703546014	1678703546254	OK	 
REQUEST		Page 2	1678703546065	1678703546311	OK	 
REQUEST		Select	1678703546273	1678703546512	OK	 
REQUEST		Page 3	1678703546273	1678703546512	OK	 
USER	Users	END	1678703546711
REQUEST		Page 0	1678703546552	1678703546794	OK	 
REQUEST		Post	1678703546818	1678703547073	OK	 
REQUEST		Page 1	1678703546855	1678703547106	OK	 
REQUEST		Post Redirect 1	1678703547076	1678703547335	KO	status.find.is(201), but actually found 200
USER	Admins	END	1678703547341
REQUEST		Page 2	1678703547143	1678703547396	OK	 
REQUEST		Page 3	1678703547259	1678703547497	OK	 
USER	Users	END	1678703547516
REQUEST		Page 3	1678703547314	1678703547558	OK	 
REQUEST		Page 0	1678703547515	1678703547755	OK	 
REQUEST		Page 1	1678703547798	1678703548105	OK	 
REQUEST		Page 2	1678703548110	1678703548359	OK	 
USER	Users	END	1678703548563
REQUEST		Page 3	1678703548400	1678703548654	OK	 
REQUEST		Form	1678703548501	1678703548743	OK	 
REQUEST		Page 1	1678703548759	1678703548997	OK	 
REQUEST		Page 2	1678703549108	1678703549379	OK	 
REQUEST		Page 3	1678703549363	1678703549640	OK	 
USER	Users	END	1678703549658
REQUEST		Post	1678703549745	1678703549983	OK	 
REQUEST		Post Redirect 1	1678703549984	1678703550255	KO	status.find.is(201), but actually found 200
REQUEST		Page 2	1678703550002	1678703550255	OK	 
REQUEST		Form	1678703550258	1678703550497	OK	 
REQUEST		Page 3	1678703550383	1678703550622	OK	 
USER	Users	END	1678703550645
REQUEST		Page 3	1678703551261	1678703551507	OK	 
USER	Users	END	1678703551626
REQUEST		Post	1678703551501	1678703551739	OK	 
REQUEST		Post Redirect 1	1678703551740	1678703551983	OK	 
USER	Admins	END	1678703551987
USER	Users	END	1678703552511
